<?xml version="1.0" encoding="UTF-8"?>
<!-- Generated by org.testng.reporters.JUnitXMLReporter -->
<testsuite ignored="0" hostname="LAPTOP-0ABIQCBC" failures="0" tests="2" name="Default test" time="70.434" errors="0" timestamp="2021-11-28T23:50:31 IST">
  <testcase classname="testcases.PrivilegePaymenTest" name="calculatePrivilegePaymentTab" time="31.528"/>
  <testcase classname="testcases.PrivilegePaymenTest" name="calculatePrivilegePaymentTab" time="31.516"/>
</testsuite> <!-- Default test -->
