<?xml version="1.0" encoding="UTF-8"?>
<testng-results ignored="0" total="2" passed="2" failed="0" skipped="0">
  <reporter-output>
  </reporter-output>
  <suite started-at="2021-11-28T23:49:21 IST" name="Default suite" finished-at="2021-11-28T23:50:31 IST" duration-ms="70434">
    <groups>
    </groups>
    <test started-at="2021-11-28T23:49:21 IST" name="Default test" finished-at="2021-11-28T23:50:31 IST" duration-ms="70434">
      <class name="testcases.PrivilegePaymenTest">
        <test-method is-config="true" signature="beforeMethod()[pri:0, instance:testcases.PrivilegePaymenTest@67a20f67]" started-at="2021-11-28T23:49:21 IST" name="beforeMethod" finished-at="2021-11-28T23:49:25 IST" duration-ms="4194" status="PASS">
          <reporter-output>
          </reporter-output>
        </test-method> <!-- beforeMethod -->
        <test-method signature="calculatePrivilegePaymentTab(java.util.HashMap)[pri:0, instance:testcases.PrivilegePaymenTest@67a20f67]" started-at="2021-11-28T23:49:25 IST" name="calculatePrivilegePaymentTab" description="to verify Calculate Saved Amount on Privilege Payment" data-provider="getPrivilegePayment" finished-at="2021-11-28T23:49:57 IST" duration-ms="31528" status="PASS">
          <params>
            <param index="0">
              <value>
                <![CDATA[{Lum_Sum_Payment=12000, Mortagage_Payment_Increase_Type=Percentage, Months=11, Interest_Rate=3.5, Mortagage_Payment_Increase=10, Lum_Sum_Payment_Period=1, Payment_Frequency=Monthly, Accelerated=No, Year=54, SavedAmount=511,999.16, Mortagage_Amount=400000, Mortagage_Payment_Increase_Period=1, Mortagage_Payment=1200}]]>
              </value>
            </param>
          </params>
          <reporter-output>
          </reporter-output>
        </test-method> <!-- calculatePrivilegePaymentTab -->
        <test-method is-config="true" signature="afterMethod()[pri:0, instance:testcases.PrivilegePaymenTest@67a20f67]" started-at="2021-11-28T23:49:57 IST" name="afterMethod" finished-at="2021-11-28T23:49:57 IST" duration-ms="73" status="PASS">
          <reporter-output>
          </reporter-output>
        </test-method> <!-- afterMethod -->
        <test-method is-config="true" signature="beforeMethod()[pri:0, instance:testcases.PrivilegePaymenTest@67a20f67]" started-at="2021-11-28T23:49:57 IST" name="beforeMethod" finished-at="2021-11-28T23:49:59 IST" duration-ms="2635" status="PASS">
          <reporter-output>
          </reporter-output>
        </test-method> <!-- beforeMethod -->
        <test-method signature="calculatePrivilegePaymentTab(java.util.HashMap)[pri:0, instance:testcases.PrivilegePaymenTest@67a20f67]" started-at="2021-11-28T23:49:59 IST" name="calculatePrivilegePaymentTab" description="to verify Calculate Saved Amount on Privilege Payment" data-provider="getPrivilegePayment" finished-at="2021-11-28T23:50:31 IST" duration-ms="31516" status="PASS">
          <params>
            <param index="0">
              <value>
                <![CDATA[{Lum_Sum_Payment=12000, Mortagage_Payment_Increase_Type=Percentage, Months=11, Interest_Rate=3.5, Mortagage_Payment_Increase=10, Lum_Sum_Payment_Period=1, Payment_Frequency=Monthly, Accelerated=Yes, Year=54, SavedAmount=511,999.16, Mortagage_Amount=400000, Mortagage_Payment_Increase_Period=1, Mortagage_Payment=1200}]]>
              </value>
            </param>
          </params>
          <reporter-output>
          </reporter-output>
        </test-method> <!-- calculatePrivilegePaymentTab -->
        <test-method is-config="true" signature="afterMethod()[pri:0, instance:testcases.PrivilegePaymenTest@67a20f67]" started-at="2021-11-28T23:50:31 IST" name="afterMethod" finished-at="2021-11-28T23:50:31 IST" duration-ms="83" status="PASS">
          <reporter-output>
          </reporter-output>
        </test-method> <!-- afterMethod -->
        <test-method is-config="true" signature="afterSuite()[pri:0, instance:testcases.PrivilegePaymenTest@67a20f67]" started-at="2021-11-28T23:50:31 IST" name="afterSuite" finished-at="2021-11-28T23:50:31 IST" duration-ms="165" status="PASS">
          <reporter-output>
          </reporter-output>
        </test-method> <!-- afterSuite -->
      </class> <!-- testcases.PrivilegePaymenTest -->
    </test> <!-- Default test -->
  </suite> <!-- Default suite -->
</testng-results>
